C51 COMPILER V9.54   MAIN                                                                  10/03/2022 23:43:20 PAGE 1   


C51 COMPILER V9.54, COMPILATION OF MODULE MAIN
OBJECT MODULE PLACED IN .\Objects\main.obj
COMPILER INVOKED BY: D:\keil5\C51\BIN\C51.EXE main.c OPTIMIZE(8,SPEED) BROWSE DEBUG OBJECTEXTEND PRINT(.\Listings\main.l
                    -st) OBJECT(.\Objects\main.obj)

line level    source

   1          #include <REGX52.H>
   2          #include <INTRINS.H>
   3          
   4          void Delay(unsigned int xms)            //@11.0592MHz
   5          {
   6   1              unsigned char i, j;
   7   1              
   8   1              while(xms)
   9   1              {
  10   2                              _nop_();
  11   2                      i = 2;
  12   2                      j = 199;
  13   2                      do
  14   2                      {
  15   3                              while (--j);
  16   3                      } while (--i);
  17   2                      xms--;
  18   2              }
  19   1      
  20   1              
  21   1      }
  22          
  23          
  24          int main()
  25          {
  26   1              while(1)
  27   1              {
  28   2                      if(P3_1 == 0)
  29   2                      {
  30   3                              Delay(20);
  31   3                              while(P3_1 == 0);
  32   3                              Delay(20);
  33   3                              P2_0=~P2_0;     
  34   3                      }
  35   2              }
  36   1                      
  37   1      }       
  38          


MODULE INFORMATION:   STATIC OVERLAYABLE
   CODE SIZE        =     45    ----
   CONSTANT SIZE    =   ----    ----
   XDATA SIZE       =   ----    ----
   PDATA SIZE       =   ----    ----
   DATA SIZE        =   ----    ----
   IDATA SIZE       =   ----    ----
   BIT SIZE         =   ----    ----
END OF MODULE INFORMATION.


C51 COMPILATION COMPLETE.  0 WARNING(S),  0 ERROR(S)
