C51 COMPILER V9.54   TEXT                                                                  09/29/2022 14:43:37 PAGE 1   


C51 COMPILER V9.54, COMPILATION OF MODULE TEXT
OBJECT MODULE PLACED IN .\Objects\text.obj
COMPILER INVOKED BY: D:\keil5\C51\BIN\C51.EXE text.c OPTIMIZE(8,SPEED) BROWSE DEBUG OBJECTEXTEND PRINT(.\Listings\text.l
                    -st) TABS(2) OBJECT(.\Objects\text.obj)

line level    source

   1          #include <REGX52.H>
   2          
   3          void main()
   4          {
   5   1        P1 = 0xfe;
   6   1      }


MODULE INFORMATION:   STATIC OVERLAYABLE
   CODE SIZE        =      4    ----
   CONSTANT SIZE    =   ----    ----
   XDATA SIZE       =   ----    ----
   PDATA SIZE       =   ----    ----
   DATA SIZE        =   ----    ----
   IDATA SIZE       =   ----    ----
   BIT SIZE         =   ----    ----
END OF MODULE INFORMATION.


C51 COMPILATION COMPLETE.  0 WARNING(S),  0 ERROR(S)
