C51 COMPILER V9.54   MAIN                                                                  10/03/2022 21:44:31 PAGE 1   


C51 COMPILER V9.54, COMPILATION OF MODULE MAIN
OBJECT MODULE PLACED IN .\Objects\main.obj
COMPILER INVOKED BY: D:\keil5\C51\BIN\C51.EXE main.c OPTIMIZE(8,SPEED) BROWSE DEBUG OBJECTEXTEND PRINT(.\Listings\main.l
                    -st) OBJECT(.\Objects\main.obj)

line level    source

   1          #include <REGX52.H> 
   2          #include <INTRINS.H>
   3          
   4          void Delay(unsigned int xms)            //@11.0592MHz
   5          {
   6   1              unsigned char i, j;
   7   1              while(xms)
   8   1              {
   9   2                              _nop_();
  10   2                      i = 2;
  11   2                      j = 199;
  12   2                      do
  13   2                      {
  14   3                              while (--j);
  15   3                      } while (--i);
  16   2                      xms--;
  17   2              }
  18   1      
  19   1              
  20   1      }
  21          int main()
  22          {
  23   1              while(1)
  24   1              {
  25   2                      P2 = 0xfe;
  26   2                      Delay(500);
  27   2                      P2 = 0xfd;
  28   2                      Delay(500);
  29   2              }
  30   1      }
  31          
  32          


MODULE INFORMATION:   STATIC OVERLAYABLE
   CODE SIZE        =     43    ----
   CONSTANT SIZE    =   ----    ----
   XDATA SIZE       =   ----    ----
   PDATA SIZE       =   ----    ----
   DATA SIZE        =   ----    ----
   IDATA SIZE       =   ----    ----
   BIT SIZE         =   ----    ----
END OF MODULE INFORMATION.


C51 COMPILATION COMPLETE.  0 WARNING(S),  0 ERROR(S)
