C51 COMPILER V9.54   MAIN                                                                  10/03/2022 23:36:30 PAGE 1   


C51 COMPILER V9.54, COMPILATION OF MODULE MAIN
OBJECT MODULE PLACED IN .\Objects\main.obj
COMPILER INVOKED BY: D:\keil5\C51\BIN\C51.EXE main.c OPTIMIZE(8,SPEED) BROWSE DEBUG OBJECTEXTEND PRINT(.\Listings\main.l
                    -st) OBJECT(.\Objects\main.obj)

line level    source

   1          #include <REGX52.H>
   2          #include <INTRINS.H>
   3          
   4          void Delay(unsigned int xms)            //@11.0592MHz
   5          {
   6   1              unsigned char i, j;
   7   1              while(xms)
   8   1              {
   9   2                      _nop_();
  10   2                i = 2;
  11   2                j = 199;
  12   2                do
  13   2                {
  14   3                        while (--j);    
  15   3                      } while (--i);
  16   2                      
  17   2                xms--;
  18   2              }
  19   1      
  20   1              
  21   1      }
  22          
  23          unsigned char LEDnum;
  24          
  25          
  26          int main()
  27          {
  28   1              P2 = ~0x01;
  29   1              while(1)
  30   1              {
  31   2                      if(P3_1 == 0)
  32   2                      {
  33   3                                      Delay(20);
  34   3                              while(P3_1 == 0);
  35   3                                      Delay(20);
  36   3                              
  37   3                              LEDnum++;
  38   3                              if(LEDnum>=8)
  39   3                                      LEDnum = 0;
  40   3                              P2 = ~(0x01<<LEDnum);
  41   3                      }                       
  42   2              }
  43   1      }


MODULE INFORMATION:   STATIC OVERLAYABLE
   CODE SIZE        =     74    ----
   CONSTANT SIZE    =   ----    ----
   XDATA SIZE       =   ----    ----
   PDATA SIZE       =   ----    ----
   DATA SIZE        =      1    ----
   IDATA SIZE       =   ----    ----
   BIT SIZE         =   ----    ----
END OF MODULE INFORMATION.

C51 COMPILER V9.54   MAIN                                                                  10/03/2022 23:36:30 PAGE 2   


C51 COMPILATION COMPLETE.  0 WARNING(S),  0 ERROR(S)
